<?xml version="1.0" encoding="UTF-8"?>
<testsuite name="CoffeeMachineTest" tests="1" skipped="0" failures="0" errors="0" timestamp="2023-06-23T05:30:26" hostname="0134" time="0.148">
  <properties/>
  <testcase name="start" classname="CoffeeMachineTest" time="0.148"/>
  <system-out><![CDATA[?[1;31m
Start test 1?[0m
Write how many ml of water the coffee beans has: 
> 300
Write how many ml of milk the coffee beans has: 
> 65
Write how many grams of coffee beans the coffee beans has: 
> 111
Write how many cups of coffee you will need: 
> 1
Yes, I can make that amount of coffee
?[1;31m
Start test 2?[0m
Write how many ml of water the coffee beans has: 
> 600
Write how many ml of milk the coffee beans has: 
> 153
Write how many grams of coffee beans the coffee beans has: 
> 100
Write how many cups of coffee you will need: 
> 1
Yes, I can make that amount of coffee (and even 2 more than that)
?[1;31m
Start test 3?[0m
Write how many ml of water the coffee beans has: 
> 1400
Write how many ml of milk the coffee beans has: 
> 150
Write how many grams of coffee beans the coffee beans has: 
> 100
Write how many cups of coffee you will need: 
> 1
Yes, I can make that amount of coffee (and even 2 more than that)
?[1;31m
Start test 4?[0m
Write how many ml of water the coffee beans has: 
> 1400
Write how many ml of milk the coffee beans has: 
> 1500
Write how many grams of coffee beans the coffee beans has: 
> 45
Write how many cups of coffee you will need: 
> 1
Yes, I can make that amount of coffee (and even 2 more than that)
?[1;31m
Start test 5?[0m
Write how many ml of water the coffee beans has: 
> 599
Write how many ml of milk the coffee beans has: 
> 250
Write how many grams of coffee beans the coffee beans has: 
> 200
Write how many cups of coffee you will need: 
> 10
?[1;31m
Start test 6?[0m
Write how many ml of water the coffee beans has: 
> 345640
Write how many ml of milk the coffee beans has: 
> 43423
Write how many grams of coffee beans the coffee beans has: 
> 23234
Write how many cups of coffee you will need: 
> 1
Yes, I can make that amount of coffee (and even 867 more than that)
?[1;31m
Start test 7?[0m
Write how many ml of water the coffee beans has: 
> 345640
Write how many ml of milk the coffee beans has: 
> 434230
Write how many grams of coffee beans the coffee beans has: 
> 23234
Write how many cups of coffee you will need: 
> 19246
?[1;31m
Start test 8?[0m
Write how many ml of water the coffee beans has: 
> 34564
Write how many ml of milk the coffee beans has: 
> 43423
Write how many grams of coffee beans the coffee beans has: 
> 23234
Write how many cups of coffee you will need: 
> 19246
?[1;31m
Start test 9?[0m
Write how many ml of water the coffee beans has: 
> 399
Write how many ml of milk the coffee beans has: 
> 112
Write how many grams of coffee beans the coffee beans has: 
> 111
Write how many cups of coffee you will need: 
> 1
Yes, I can make that amount of coffee
?[1;31m
Start test 10?[0m
Write how many ml of water the coffee beans has: 
> 2400
Write how many ml of milk the coffee beans has: 
> 249
Write how many grams of coffee beans the coffee beans has: 
> 100
Write how many cups of coffee you will need: 
> 1
Yes, I can make that amount of coffee (and even 3 more than that)
?[1;31m
Start test 11?[0m
Write how many ml of water the coffee beans has: 
> 1400
Write how many ml of milk the coffee beans has: 
> 1500
Write how many grams of coffee beans the coffee beans has: 
> 44
Write how many cups of coffee you will need: 
> 1
Yes, I can make that amount of coffee (and even 1 more than that)
?[1;31m
Start test 12?[0m
Write how many ml of water the coffee beans has: 
> 500
Write how many ml of milk the coffee beans has: 
> 250
Write how many grams of coffee beans the coffee beans has: 
> 200
Write how many cups of coffee you will need: 
> 10
?[1;31m
Start test 13?[0m
Write how many ml of water the coffee beans has: 
> 34564
Write how many ml of milk the coffee beans has: 
> 43423
Write how many grams of coffee beans the coffee beans has: 
> 23234
Write how many cups of coffee you will need: 
> 1
Yes, I can make that amount of coffee (and even 171 more than that)
?[1;31m
Start test 14?[0m
Write how many ml of water the coffee beans has: 
> 345640
Write how many ml of milk the coffee beans has: 
> 434230
Write how many grams of coffee beans the coffee beans has: 
> 23234
Write how many cups of coffee you will need: 
> 1
Yes, I can make that amount of coffee (and even 1547 more than that)
?[1;31m
Start test 15?[0m
Write how many ml of water the coffee beans has: 
> 345640
Write how many ml of milk the coffee beans has: 
> 43423
Write how many grams of coffee beans the coffee beans has: 
> 23234
Write how many cups of coffee you will need: 
> 19246
]]></system-out>
  <system-err><![CDATA[]]></system-err>
</testsuite>
